2026-07-17 16:48:36,459 - INFO - Number of features used by model: 30
2026-07-17 16:48:36,459 - INFO - Feature list:
2026-07-17 16:48:36,459 - INFO - 0 : SeniorCitizen
2026-07-17 16:48:36,459 - INFO - 1 : tenure
2026-07-17 16:48:36,460 - INFO - 2 : MonthlyCharges
2026-07-17 16:48:36,460 - INFO - 3 : TotalCharges
2026-07-17 16:48:36,460 - INFO - 4 : gender_Male
2026-07-17 16:48:36,460 - INFO - 5 : Partner_Yes
2026-07-17 16:48:36,460 - INFO - 6 : Dependents_Yes
2026-07-17 16:48:36,460 - INFO - 7 : PhoneService_Yes
2026-07-17 16:48:36,461 - INFO - 8 : MultipleLines_No phone service
2026-07-17 16:48:36,461 - INFO - 9 : MultipleLines_Yes
2026-07-17 16:48:36,461 - INFO - 10 : InternetService_Fiber optic
2026-07-17 16:48:36,471 - INFO - 11 : InternetService_No
2026-07-17 16:48:36,471 - INFO - 12 : OnlineSecurity_No internet service
2026-07-17 16:48:36,471 - INFO - 13 : OnlineSecurity_Yes
2026-07-17 16:48:36,471 - INFO - 14 : OnlineBackup_No internet service
2026-07-17 16:48:36,471 - INFO - 15 : OnlineBackup_Yes
2026-07-17 16:48:36,471 - INFO - 16 : DeviceProtection_No internet service
2026-07-17 16:48:36,471 - INFO - 17 : DeviceProtection_Yes
2026-07-17 16:48:36,471 - INFO - 18 : TechSupport_No internet service
2026-07-17 16:48:36,471 - INFO - 19 : TechSupport_Yes
2026-07-17 16:48:36,471 - INFO - 20 : StreamingTV_No internet service
2026-07-17 16:48:36,471 - INFO - 21 : StreamingTV_Yes
2026-07-17 16:48:36,472 - INFO - 22 : StreamingMovies_No internet service
2026-07-17 16:48:36,472 - INFO - 23 : StreamingMovies_Yes
2026-07-17 16:48:36,472 - INFO - 24 : Contract_One year
2026-07-17 16:48:36,472 - INFO - 25 : Contract_Two year
2026-07-17 16:48:36,472 - INFO - 26 : PaperlessBilling_Yes
2026-07-17 16:48:36,472 - INFO - 27 : PaymentMethod_Credit card (automatic)
2026-07-17 16:48:36,472 - INFO - 28 : PaymentMethod_Electronic check
2026-07-17 16:48:36,472 - INFO - 29 : PaymentMethod_Mailed check
Number of features used by model: 30
Feature list:
0 : SeniorCitizen
1 : tenure
2 : MonthlyCharges
3 : TotalCharges
4 : gender_Male
5 : Partner_Yes
6 : Dependents_Yes
7 : PhoneService_Yes
8 : MultipleLines_No phone service
9 : MultipleLines_Yes
10 : InternetService_Fiber optic
11 : InternetService_No
12 : OnlineSecurity_No internet service
13 : OnlineSecurity_Yes
14 : OnlineBackup_No internet service
15 : OnlineBackup_Yes
16 : DeviceProtection_No internet service
17 : DeviceProtection_Yes
18 : TechSupport_No internet service
19 : TechSupport_Yes
20 : StreamingTV_No internet service
21 : StreamingTV_Yes
22 : StreamingMovies_No internet service
23 : StreamingMovies_Yes
24 : Contract_One year
25 : Contract_Two year
26 : PaperlessBilling_Yes
27 : PaymentMethod_Credit card (automatic)
28 : PaymentMethod_Electronic check
29 : PaymentMethod_Mailed check
Number of features used by model: 30
Feature list:
0 : SeniorCitizen
1 : tenure
2 : MonthlyCharges
3 : TotalCharges
4 : gender_Male
5 : Partner_Yes
6 : Dependents_Yes
7 : PhoneService_Yes
8 : MultipleLines_No phone service
9 : MultipleLines_Yes
10 : InternetService_Fiber optic
11 : InternetService_No
12 : OnlineSecurity_No internet service
13 : OnlineSecurity_Yes
14 : OnlineBackup_No internet service
15 : OnlineBackup_Yes
16 : DeviceProtection_No internet service
17 : DeviceProtection_Yes
18 : TechSupport_No internet service
19 : TechSupport_Yes
20 : StreamingTV_No internet service
21 : StreamingTV_Yes
22 : StreamingMovies_No internet service
23 : StreamingMovies_Yes
24 : Contract_One year
25 : Contract_Two year
26 : PaperlessBilling_Yes
27 : PaymentMethod_Credit card (automatic)
28 : PaymentMethod_Electronic check
29 : PaymentMethod_Mailed check
